{"logLevel":"debug","message":"multithreading is set to false"}
{"logLevel":"debug","message":"Using reflection to scan dependencies for gauge implementations..."}
SLF4J: Failed to load class "org.slf4j.impl.StaticLoggerBinder".
SLF4J: Defaulting to no-operation (NOP) logger implementation
SLF4J: See http://www.slf4j.org/codes.html#StaticLoggerBinder for further details.
{"logLevel":"debug","message":"gauge-java took 1853milliseconds to load and scan. This should be less than 'runner_connection_timeout' config value."}
{"logLevel":"debug","message":"run 'gauge config runner_connection_timeout' and verify that it is < 1853"}
{"logLevel":"debug","message":"starting gRPC server..."}
{"logLevel":"debug","message":"started gRPC server on port 58113"}
{"logLevel":"info","message":"Listening on port:58113"}
{"logLevel":"debug","message":"Scanning packages for steps"}
{"logLevel":"debug","message":"Comparing 'Test.TicketInformation2Test.Informationtest' and 'Test.TicketInformation2Test.Informationtest'"}
{"logLevel":"debug","message":"Found Bilgiler2 in current project scope."}
{"logLevel":"debug","message":"Comparing 'Test.TicketInformation1Test.Informationtest' and 'Test.TicketInformation1Test.Informationtest'"}
{"logLevel":"debug","message":"Found Bilgiler1 in current project scope."}
{"logLevel":"debug","message":"Comparing 'Test.TicketSelectionTest.EconomicFlyChoose' and 'Test.TicketSelectionTest.EconomicFlyChoose'"}
{"logLevel":"debug","message":"Found Ekonomik uçuş seç in current project scope."}
{"logLevel":"debug","message":"Comparing 'Test.HomeTest.Home1' and 'Test.HomeTest.Home1'"}
{"logLevel":"debug","message":"Found Başla in current project scope."}
{"logLevel":"debug","message":"Comparing 'Test.HesCodePassportTest.PassworAndHescodeTest' and 'Test.HesCodePassportTest.PassworAndHescodeTest'"}
{"logLevel":"debug","message":"Found Passport and HesCode in current project scope."}
{"logLevel":"debug","message":"Comparing 'Test.TicketTest.TicketChapter' and 'Test.TicketTest.TicketChapter'"}
{"logLevel":"debug","message":"Found Ticket işlemleri seçiniz gidiş: {} varış: {} in current project scope."}
{"logLevel":"debug","message":"Scanning packages for hooks"}
{"logLevel":"debug","message":"Scanned steps (using static parsing + reflections): "}
{"logLevel":"debug","message":"\tBilgiler1 : public void Informationtest() throws IOException, InterruptedException"}
{"logLevel":"debug","message":"\tBaşla : public void Home1() throws InterruptedException, IOException"}
{"logLevel":"debug","message":"\tTicket işlemleri seçiniz gidiş: {} varış: {} : public void TicketChapter(String gidis, String varis) throws IOException"}
{"logLevel":"debug","message":"\tPassport and HesCode : public void PassworAndHescodeTest() throws IOException"}
{"logLevel":"debug","message":"\tBilgiler2 : public void Informationtest() throws IOException, InterruptedException"}
{"logLevel":"debug","message":"\tEkonomik uçuş seç : public void EconomicFlyChoose()"}
Ağu 19, 2020 12:25:45 AM io.appium.java_client.remote.AppiumCommandExecutor$1 lambda$0
INFO: Detected dialect: W3C
{"logLevel":"debug","message":"Executing 'Başla' using 'class Test.HomeTest.Home1"}
{"logLevel":"debug","message":"Executing 'Ticket işlemleri seçiniz gidiş: {} varış: {}' using 'class Test.TicketTest.TicketChapter"}
ONE WAY
{"logLevel":"debug","message":"Executing 'Ekonomik uçuş seç' using 'class Test.TicketSelectionTest.EconomicFlyChoose"}
{"logLevel":"debug","message":"Executing 'Bilgiler1' using 'class Test.TicketInformation1Test.Informationtest"}
Kübra
[Ljava.lang.String;@66605907
MUSLU
[Ljava.lang.String;@4c2313db
kubraduanur@gmail.com
[Ljava.lang.String;@24d8bd2b
55566666
[Ljava.lang.String;@3e563475
{"logLevel":"debug","message":"Executing 'Bilgiler2' using 'class Test.TicketInformation2Test.Informationtest"}
Hatice
[Ljava.lang.String;@4c35f99c
MUSLU
[Ljava.lang.String;@7429d85a
haticemuslu@gmail.com
[Ljava.lang.String;@21bb5998
8888444
[Ljava.lang.String;@14045a48
{"logLevel":"debug","message":"Executing 'Passport and HesCode' using 'class Test.HesCodePassportTest.PassworAndHescodeTest"}
129845
[Ljava.lang.String;@6798f2a
Ea1045
[Ljava.lang.String;@25a30be2
