{"logLevel":"debug","message":"multithreading is set to false"}
{"logLevel":"debug","message":"Using reflection to scan dependencies for gauge implementations..."}
SLF4J: Failed to load class "org.slf4j.impl.StaticLoggerBinder".
SLF4J: Defaulting to no-operation (NOP) logger implementation
SLF4J: See http://www.slf4j.org/codes.html#StaticLoggerBinder for further details.
{"logLevel":"debug","message":"gauge-java took 1705milliseconds to load and scan. This should be less than 'runner_connection_timeout' config value."}
{"logLevel":"debug","message":"run 'gauge config runner_connection_timeout' and verify that it is < 1705"}
{"logLevel":"debug","message":"starting gRPC server..."}
{"logLevel":"debug","message":"started gRPC server on port 59508"}
{"logLevel":"info","message":"Listening on port:59508"}
{"logLevel":"debug","message":"Scanning packages for steps"}
{"logLevel":"debug","message":"Comparing 'Test.HomeTest.Home1' and 'Test.HomeTest.Home1'"}
{"logLevel":"debug","message":"Found Başla in current project scope."}
{"logLevel":"debug","message":"Comparing 'Test.TicketTest.TicketChapter' and 'Test.TicketTest.TicketChapter'"}
{"logLevel":"debug","message":"Found Ticket işlemleri seçiniz gidiş: {} varış: {} in current project scope."}
{"logLevel":"debug","message":"Scanning packages for hooks"}
{"logLevel":"debug","message":"Scanned steps (using static parsing + reflections): "}
{"logLevel":"debug","message":"\tBaşla : public void Home1() throws InterruptedException"}
{"logLevel":"debug","message":"\tTicket işlemleri seçiniz gidiş: {} varış: {} : public void TicketChapter(String gidis, String varis) throws IOException"}
Ağu 18, 2020 6:23:56 PM io.appium.java_client.remote.AppiumCommandExecutor$1 lambda$0
INFO: Detected dialect: W3C
{"logLevel":"debug","message":"Executing 'Başla' using 'class Test.HomeTest.Home1"}
{"logLevel":"debug","message":"Executing 'Ticket işlemleri seçiniz gidiş: {} varış: {}' using 'class Test.TicketTest.TicketChapter"}
