{"logLevel":"debug","message":"multithreading is set to false"}
{"logLevel":"debug","message":"Using reflection to scan dependencies for gauge implementations..."}
SLF4J: Failed to load class "org.slf4j.impl.StaticLoggerBinder".
SLF4J: Defaulting to no-operation (NOP) logger implementation
SLF4J: See http://www.slf4j.org/codes.html#StaticLoggerBinder for further details.
{"logLevel":"debug","message":"gauge-java took 1772milliseconds to load and scan. This should be less than 'runner_connection_timeout' config value."}
{"logLevel":"debug","message":"run 'gauge config runner_connection_timeout' and verify that it is < 1772"}
{"logLevel":"debug","message":"starting gRPC server..."}
{"logLevel":"debug","message":"started gRPC server on port 63054"}
{"logLevel":"info","message":"Listening on port:63054"}
{"logLevel":"debug","message":"Scanning packages for steps"}
{"logLevel":"debug","message":"Comparing 'Test.TicketInformation2Test.Informationtest' and 'Test.TicketInformation2Test.Informationtest'"}
{"logLevel":"debug","message":"Found Information2 in current project scope."}
{"logLevel":"debug","message":"Comparing 'Test.TicketInformation1Test.Informationtest' and 'Test.TicketInformation1Test.Informationtest'"}
{"logLevel":"debug","message":"Found Information1 in current project scope."}
{"logLevel":"debug","message":"Comparing 'Test.TicketSelectionTest.EconomicFlyChoose' and 'Test.TicketSelectionTest.EconomicFlyChoose'"}
{"logLevel":"debug","message":"Found Select economic flight in current project scope."}
{"logLevel":"debug","message":"Comparing 'Test.HomeTest.Home1' and 'Test.HomeTest.Home1'"}
{"logLevel":"debug","message":"Found Start in current project scope."}
{"logLevel":"debug","message":"Comparing 'Test.HesCodePassportTest.PassworAndHescodeTest' and 'Test.HesCodePassportTest.PassworAndHescodeTest'"}
{"logLevel":"debug","message":"Found Passport and HesCode in current project scope."}
{"logLevel":"debug","message":"Comparing 'Test.TicketTest.TicketChapter' and 'Test.TicketTest.TicketChapter'"}
{"logLevel":"debug","message":"Found Select for ticket transactions going: {} coming: {} in current project scope."}
{"logLevel":"debug","message":"Scanning packages for hooks"}
{"logLevel":"debug","message":"Scanned steps (using static parsing + reflections): "}
{"logLevel":"debug","message":"\tStart : public void Home1() throws InterruptedException, IOException"}
{"logLevel":"debug","message":"\tInformation2 : public void Informationtest() throws IOException, InterruptedException"}
{"logLevel":"debug","message":"\tInformation1 : public void Informationtest() throws IOException, InterruptedException"}
{"logLevel":"debug","message":"\tPassport and HesCode : public void PassworAndHescodeTest() throws IOException"}
{"logLevel":"debug","message":"\tSelect for ticket transactions going: {} coming: {} : public void TicketChapter(String gidis, String varis) throws IOException"}
{"logLevel":"debug","message":"\tSelect economic flight : public void EconomicFlyChoose()"}
Ağu 20, 2020 3:10:29 PM io.appium.java_client.remote.AppiumCommandExecutor$1 lambda$0
INFO: Detected dialect: W3C
{"logLevel":"debug","message":"Executing 'Start' using 'class Test.HomeTest.Home1"}
{"logLevel":"debug","message":"Executing 'Select for ticket transactions going: {} coming: {}' using 'class Test.TicketTest.TicketChapter"}
ONE WAY
{"logLevel":"debug","message":"Executing 'Select economic flight' using 'class Test.TicketSelectionTest.EconomicFlyChoose"}
{"logLevel":"debug","message":"Executing 'Information1' using 'class Test.TicketInformation1Test.Informationtest"}
Kübra
[Ljava.lang.String;@1f450959
MUSLU
[Ljava.lang.String;@3515166c
kubraduanur@gmail.com
[Ljava.lang.String;@53714101
55566666
[Ljava.lang.String;@2258f05d
{"logLevel":"debug","message":"Executing 'Information2' using 'class Test.TicketInformation2Test.Informationtest"}
Hatice
[Ljava.lang.String;@5f2e0c8a
MUSLU
[Ljava.lang.String;@77f504bf
haticemuslu@gmail.com
[Ljava.lang.String;@6c14362c
8888444
[Ljava.lang.String;@7768aec4
{"logLevel":"debug","message":"Executing 'Passport and HesCode' using 'class Test.HesCodePassportTest.PassworAndHescodeTest"}
129845
[Ljava.lang.String;@694b4476
Ea1045
[Ljava.lang.String;@6ccec4f5
